[21:03:23] [main/INFO] (FabricLoader) Loading for game Minecraft 1.16.2
[21:03:23] [main/INFO] (Fabric|Loader) [FabricLoader] Loading 41 mods: fabric-networking-blockentity-v0@0.2.5+b50ffc7b4e, minecraft@1.16.2, fabric-screen-handler-api-v1@1.1.0+872498414e, fabric-renderer-api-v1@0.3.0+8bcfced84e, fabric-keybindings-v0@0.2.0+3fa9f7c54e, fabric-command-api-v1@1.0.8+5ce533984e, fabricloader@0.9.3+build.207, fabric-tool-attribute-api-v1@1.2.2+ccce563e4e, fabric-structure-api-v1@1.0.1+fb0d9b0e4e, fabric-renderer-indigo@0.4.0+8bcfced84e, fabric-containers-v0@0.1.8+045df74f4e, fabric-object-builder-api-v1@1.7.0+432ea1884e, fabric-events-interaction-v0@0.4.0+e2e6cdad4e, fabric-crash-report-info-v1@0.1.2+b7f9825d4e, fabric-item-api-v1@1.1.0+29679fd64e, fabric-game-rule-api-v1@1.0.1+91555cd14e, fabric-api-base@0.1.3+12a8474c4e, fabric-rendering-v0@1.1.0+534104904e, fabric-key-binding-api-v1@1.0.1+730711c64e, fabric-rendering-v1@1.3.0+432ea1884e, stickyhopper@1.0.0, fabric-rendering-data-attachment-v1@0.1.3+b7f9825d4e, fabric-resource-loader-v0@0.3.1+facf3bbf4e, fabric-textures-v0@1.0.4+eae12eb84e, fabric-content-registries-v0@0.1.9+059ea8664e, fabric-tag-extensions-v0@1.0.3+ac8e8c594e, fabric-rendering-fluids-v1@0.1.11+fb0d9b0e4e, fabric-registry-sync-v0@0.4.5+fcdfdfa14e, fabric-commands-v0@0.2.0+52d308364e, fabric-blockrenderlayer-v1@1.1.4+c6a8ea894e, fabric-lifecycle-events-v1@1.2.0+74cc3b204e, fabric-mining-levels-v0@0.1.2+b764ce994e, fabric-renderer-registries-v1@2.1.0+e2862de64e, fabric-loot-tables-v1@1.0.1+432ea1884e, fabric-events-lifecycle-v0@0.2.0+16acbe5b4e, fabric@0.20.1+build.401-1.16, fabric-item-groups-v0@0.2.0+438f96364e, fabric-particles-v1@0.2.2+fb0d9b0e4e, fabric-models-v0@0.1.0+dfdb52d64e, fabric-networking-v0@0.1.10+e00ecb5f4e, fabric-object-builders-v0@0.7.0+432ea1884e
[21:03:24] [main/INFO] (mixin) SpongePowered MIXIN Subsystem Version=0.8.1 Source=file:/C:/Users/cuicu/.gradle/caches/modules-2/files-2.1/net.fabricmc/sponge-mixin/0.8.1+build.21/94da90bdbee9f95bf6d6c41ca87943419a0b5624/sponge-mixin-0.8.1+build.21.jar Service=Knot/Fabric Env=CLIENT
[21:03:24] [main/INFO] (Fabric|MixinBootstrap) Loaded Fabric development mappings for mixin remapper!
[21:03:24] [main/INFO] (mixin) Remapping refMap fabric-networking-v0-refmap.json using remapper chain
[21:03:24] [main/INFO] (mixin) Remapping refMap fabric-networking-blockentity-v0-refmap.json using remapper chain
[21:03:24] [main/INFO] (mixin) Remapping refMap fabric-screen-handler-api-v1-refmap.json using remapper chain
[21:03:24] [main/INFO] (mixin) Remapping refMap fabric-lifecycle-events-v1-refmap.json using remapper chain
[21:03:24] [main/INFO] (mixin) Remapping refMap fabric-containers-v0-refmap.json using remapper chain
[21:03:24] [main/INFO] (mixin) Remapping refMap fabric-renderer-indigo-refmap.json using remapper chain
[21:03:25] [main/INFO] (mixin) Remapping refMap fabric-rendering-data-attachment-v1-refmap.json using remapper chain
[21:03:25] [main/INFO] (mixin) Remapping refMap fabric-structure-api-v1-refmap.json using remapper chain
[21:03:25] [main/INFO] (mixin) Remapping refMap fabric-events-interaction-v0-refmap.json using remapper chain
[21:03:25] [main/INFO] (mixin) Remapping refMap fabric-item-api-v1-refmap.json using remapper chain
[21:03:25] [main/INFO] (mixin) Remapping refMap fabric-loot-tables-v1-refmap.json using remapper chain
[21:03:25] [main/INFO] (mixin) Remapping refMap fabric-object-builder-api-v1-refmap.json using remapper chain
[21:03:25] [main/INFO] (mixin) Remapping refMap fabric-renderer-registries-v1-refmap.json using remapper chain
[21:03:25] [main/INFO] (mixin) Remapping refMap fabric-textures-v0-refmap.json using remapper chain
[21:03:25] [main/INFO] (mixin) Remapping refMap fabric-registry-sync-v0-refmap.json using remapper chain
[21:03:25] [main/INFO] (mixin) Remapping refMap fabric-models-v0-refmap.json using remapper chain
[21:03:25] [main/INFO] (mixin) Remapping refMap fabric-blockrenderlayer-v1-refmap.json using remapper chain
[21:03:25] [main/INFO] (mixin) Remapping refMap fabric-renderer-api-v1-refmap.json using remapper chain
[21:03:25] [main/INFO] (mixin) Remapping refMap fabric-containers-v0-refmap.json using remapper chain
[21:03:25] [main/INFO] (mixin) Remapping refMap fabric-rendering-fluids-v1-refmap.json using remapper chain
[21:03:25] [main/INFO] (mixin) Remapping refMap fabric-resource-loader-v0-refmap.json using remapper chain
[21:03:25] [main/INFO] (mixin) Remapping refMap fabric-game-rule-api-v1-refmap.json using remapper chain
[21:03:25] [main/INFO] (mixin) Remapping refMap fabric-particles-v1-refmap.json using remapper chain
[21:03:25] [main/INFO] (mixin) Remapping refMap fabric-object-builders-refmap.json using remapper chain
[21:03:25] [main/INFO] (mixin) Remapping refMap fabric-tag-extensions-v0-refmap.json using remapper chain
[21:03:25] [main/INFO] (mixin) Remapping refMap fabric-tool-attribute-api-v1-refmap.json using remapper chain
[21:03:25] [main/INFO] (mixin) Remapping refMap fabric-rendering-v1-refmap.json using remapper chain
[21:03:25] [main/INFO] (mixin) Remapping refMap fabric-item-groups-v0-refmap.json using remapper chain
[21:03:25] [main/INFO] (mixin) Remapping refMap fabric-content-registries-v0-refmap.json using remapper chain
[21:03:25] [main/INFO] (mixin) Remapping refMap fabric-command-api-v1-refmap.json using remapper chain
[21:03:25] [main/INFO] (mixin) Remapping refMap fabric-crash-report-info-v1-refmap.json using remapper chain
[21:03:25] [main/INFO] (mixin) Remapping refMap fabric-key-binding-api-v1-refmap.json using remapper chain
[21:03:25] [main/INFO] (mixin) Remapping refMap fabric-renderer-api-v1-refmap.json using remapper chain
[21:03:25] [main/WARN] (mixin) @Mixin target net/minecraft/server/world/ThreadedAnvilChunkStorage$EntityTracker is public in fabric-networking-v0.mixins.json:MixinEntityTracker and should be specified in value
[21:03:25] [main/WARN] (mixin) @Mixin target net/minecraft/client/render/block/BlockModelRenderer$AmbientOcclusionCalculator is public in fabric-renderer-indigo.mixins.json:MixinAmbientOcclusionCalculator and should be specified in value
[21:03:25] [main/WARN] (mixin) @Mixin target net/minecraft/client/render/chunk/ChunkBuilder$BuiltChunk$RebuildTask is public in fabric-renderer-indigo.mixins.json:MixinChunkRebuildTask and should be specified in value
[21:03:25] [main/WARN] (mixin) @Mixin target net/minecraft/server/command/GameRuleCommand$1 is public in fabric-game-rule-api-v1.mixins.json:GameRuleCommandVisitorMixin and should be specified in value
[21:03:25] [main/WARN] (mixin) @Mixin target net/minecraft/client/gui/screen/world/EditGameRulesScreen$RuleListWidget$1 is public in fabric-game-rule-api-v1.mixins.json:client.RuleListWidgetVisitorMixin and should be specified in value
[21:03:25] [main/WARN] (mixin) @Mixin target net/minecraft/client/particle/ParticleManager$SimpleSpriteProvider is public in fabric-particles-v1.mixins.json:ParticleManagerAccessor$SimpleSpriteProviderAccessor and should be specified in value
[21:03:25] [main/WARN] (mixin) @Mixin target net/minecraft/tag/Tag$1 is public in fabric-tag-extensions-v0.mixins.json:MixinTagImpl and should be specified in value
[21:03:25] [main/WARN] (mixin) @Mixin target net/minecraft/tag/RequiredTagList$TagWrapper is public in fabric-tag-extensions-v0.mixins.json:MixinTagImpl and should be specified in value
[21:03:35] [main/INFO] (Minecraft) Environment: authHost='https://authserver.mojang.com', accountsHost='https://api.mojang.com', sessionHost='https://sessionserver.mojang.com', name='PROD'
[21:03:35] [main/INFO] (Minecraft) Setting user: Player574
[21:03:35] [main/INFO] (Minecraft) [STDOUT]: Sticky Hopper mod loaded!
[21:03:35] [main/INFO] (Indigo) [Indigo] Registering Indigo renderer!
[21:03:36] [main/INFO] (Minecraft) Backend library: LWJGL version 3.2.2 build 10
[21:03:41] [main/INFO] (Minecraft) Narrator library for x64 successfully loaded
[21:03:41] [main/INFO] (Minecraft) Reloading ResourceManager: Default, Fabric Networking Block Entity (v0), Fabric Screen Handler API (v1), Fabric Renderer API (v1), Fabric Key Bindings (v0), Fabric Loader, Fabric Tool Attribute API (v1), Fabric Renderer - Indigo, Fabric Containers (v0), Fabric Object Builder API (v1), Fabric Crash Report Info (v1), Fabric Events Interaction (v0), Fabric Item API (v1), Fabric Game Rule API (v1), Fabric API Base, Fabric Rendering (v0), Fabric Rendering (v1), Fabric Key Binding API (v1), Sticky Hopper, Fabric Rendering Data Attachment (v1), Fabric Resource Loader (v0), Fabric Textures (v0), Fabric Content Registries (v0), Fabric Tag Extensions (v0), Fabric Rendering Fluids (v1), Fabric Registry Sync (v0), Fabric BlockRenderLayer Registration (v1), Fabric Lifecycle Events (v1), Fabric Mining Levels (v0), Fabric Renderer Registries (v1), Fabric Loot Tables (v1), Fabric Events Lifecycle (v0), Fabric API, Fabric Item Groups (v0), Fabric Models (v0), Fabric Networking (v0), Fabric Object Builders (v0)
[21:03:45] [Realms Notification Availability checker #1/INFO] (Minecraft) Could not authorize you against Realms server: Invalid session id
[21:03:55] [main/INFO] (Minecraft) OpenAL initialized.
[21:03:55] [main/INFO] (Minecraft) Sound engine started
[21:03:56] [main/INFO] (Minecraft) Created: 1024x1024x4 minecraft:textures/atlas/blocks.png-atlas
[21:03:58] [main/INFO] (Minecraft) Created: 256x128x4 minecraft:textures/atlas/signs.png-atlas
[21:03:58] [main/INFO] (Minecraft) Created: 1024x512x4 minecraft:textures/atlas/banner_patterns.png-atlas
[21:03:58] [main/INFO] (Minecraft) Created: 1024x512x4 minecraft:textures/atlas/shield_patterns.png-atlas
[21:03:59] [main/INFO] (Minecraft) Created: 256x256x4 minecraft:textures/atlas/chest.png-atlas
[21:03:59] [main/INFO] (Minecraft) Created: 512x256x4 minecraft:textures/atlas/beds.png-atlas
[21:03:59] [main/INFO] (Minecraft) Created: 512x256x4 minecraft:textures/atlas/shulker_boxes.png-atlas
[21:04:01] [main/INFO] (Minecraft) Created: 256x256x0 minecraft:textures/atlas/particles.png-atlas
[21:04:01] [main/INFO] (Minecraft) Created: 256x256x0 minecraft:textures/atlas/paintings.png-atlas
[21:04:01] [main/INFO] (Minecraft) Created: 256x128x0 minecraft:textures/atlas/mob_effects.png-atlas
[21:04:06] [main/WARN] (Minecraft) Ambiguity between arguments [teleport, destination] and [teleport, targets] with inputs: [Player, 0123, @e, dd12be42-52a9-4a91-a8a1-11c01849e498]
[21:04:06] [main/WARN] (Minecraft) Ambiguity between arguments [teleport, location] and [teleport, destination] with inputs: [0.1 -0.5 .9, 0 0 0]
[21:04:06] [main/WARN] (Minecraft) Ambiguity between arguments [teleport, location] and [teleport, targets] with inputs: [0.1 -0.5 .9, 0 0 0]
[21:04:06] [main/WARN] (Minecraft) Ambiguity between arguments [teleport, targets] and [teleport, destination] with inputs: [Player, 0123, dd12be42-52a9-4a91-a8a1-11c01849e498]
[21:04:06] [main/WARN] (Minecraft) Ambiguity between arguments [teleport, targets, location] and [teleport, targets, destination] with inputs: [0.1 -0.5 .9, 0 0 0]
[21:04:06] [main/INFO] (Minecraft) Reloading ResourceManager: Default, Fabric Tool Attribute API (v1), Sticky Hopper
[21:04:08] [main/INFO] (Minecraft) Loaded 7 recipes
[21:04:08] [main/INFO] (Minecraft) Loaded 927 advancements
[21:04:09] [main/INFO] (Minecraft) Environment: authHost='https://authserver.mojang.com', accountsHost='https://api.mojang.com', sessionHost='https://sessionserver.mojang.com', name='PROD'
[21:04:09] [Server thread/INFO] (Minecraft) Starting integrated minecraft server version 1.16.2
[21:04:09] [Server thread/INFO] (Minecraft) Generating keypair
[21:04:10] [Server thread/INFO] (Minecraft) Preparing start region for dimension minecraft:overworld
[21:04:10] [main/INFO] (Minecraft) Preparing spawn area: 0%
[21:04:10] [main/INFO] (Minecraft) Preparing spawn area: 0%
[21:04:11] [main/INFO] (Minecraft) Preparing spawn area: 0%
[21:04:11] [main/INFO] (Minecraft) Time elapsed: 1417 ms
[21:04:11] [Server thread/INFO] (Minecraft) Changing view distance to 11, from 10
[21:04:26] [Server thread/WARN] (Minecraft) Can't keep up! Is the server overloaded? Running 14312ms or 286 ticks behind
[21:04:31] [Server thread/INFO] (Minecraft) Player574[local:E:998e318f] logged in with entity id 25 at (215.43624958162454, 5.0, -57.30000001192093)
[21:04:31] [Server thread/INFO] (Minecraft) Player574 joined the game
[21:04:31] [Server thread/INFO] (Minecraft) Saving and pausing game...
[21:04:31] [Server thread/INFO] (Minecraft) Saving chunks for level 'ServerLevel[New World]'/minecraft:overworld
[21:04:31] [main/INFO] (Minecraft) Loaded 5 advancements
[21:04:31] [Server thread/INFO] (Minecraft) Saving chunks for level 'ServerLevel[New World]'/minecraft:the_nether
[21:04:31] [Server thread/INFO] (Minecraft) Saving chunks for level 'ServerLevel[New World]'/minecraft:the_end
[21:04:55] [Server thread/WARN] (Minecraft) Can't keep up! Is the server overloaded? Running 3661ms or 73 ticks behind
[21:10:20] [main/INFO] (Minecraft) Loaded 6 advancements
[21:13:38] [main/INFO] (Minecraft) Loaded 20 advancements
[21:13:58] [main/INFO] (Minecraft) Loaded 30 advancements
[21:13:59] [main/INFO] (Minecraft) Loaded 34 advancements
[21:14:00] [main/INFO] (Minecraft) Loaded 43 advancements
[21:14:01] [main/INFO] (Minecraft) Loaded 49 advancements
[21:14:04] [main/INFO] (Minecraft) Loaded 59 advancements
[21:14:05] [main/INFO] (Minecraft) Loaded 63 advancements
[21:20:19] [main/INFO] (Minecraft) Loaded 69 advancements
[21:29:29] [main/INFO] (Minecraft) Loaded 83 advancements
[21:29:34] [main/INFO] (Minecraft) Loaded 89 advancements
[21:32:26] [Server thread/INFO] (Minecraft) Saving and pausing game...
[21:32:26] [Server thread/INFO] (Minecraft) Saving chunks for level 'ServerLevel[New World]'/minecraft:overworld
[21:32:26] [Server thread/INFO] (Minecraft) Saving chunks for level 'ServerLevel[New World]'/minecraft:the_nether
[21:32:26] [Server thread/INFO] (Minecraft) Saving chunks for level 'ServerLevel[New World]'/minecraft:the_end
[21:32:27] [Server thread/INFO] (Minecraft) Player574 lost connection: Disconnected
[21:32:27] [Server thread/INFO] (Minecraft) Player574 left the game
[21:32:27] [Server thread/INFO] (Minecraft) Stopping singleplayer server as player logged out
[21:32:27] [Server thread/INFO] (Minecraft) Stopping server
[21:32:27] [Server thread/INFO] (Minecraft) Saving players
[21:32:27] [Server thread/INFO] (Minecraft) Saving worlds
[21:32:27] [Server thread/INFO] (Minecraft) Saving chunks for level 'ServerLevel[New World]'/minecraft:overworld
[21:32:27] [Server thread/INFO] (Minecraft) ThreadedAnvilChunkStorage (New World): All chunks are saved
[21:32:27] [Server thread/INFO] (Minecraft) Saving chunks for level 'ServerLevel[New World]'/minecraft:the_nether
[21:32:27] [Server thread/INFO] (Minecraft) ThreadedAnvilChunkStorage (DIM-1): All chunks are saved
[21:32:27] [Server thread/INFO] (Minecraft) Saving chunks for level 'ServerLevel[New World]'/minecraft:the_end
[21:32:27] [Server thread/INFO] (Minecraft) ThreadedAnvilChunkStorage (DIM1): All chunks are saved
[21:32:27] [Server thread/INFO] (Minecraft) ThreadedAnvilChunkStorage (New World): All chunks are saved
[21:32:27] [Server thread/INFO] (Minecraft) ThreadedAnvilChunkStorage (DIM-1): All chunks are saved
[21:32:27] [Server thread/INFO] (Minecraft) ThreadedAnvilChunkStorage (DIM1): All chunks are saved
[21:32:28] [main/INFO] (Minecraft) Stopping!
